Max split 9223372036854775807
Min split 0
16/04/06 14:27:07 INFO client.RMProxy: Connecting to ResourceManager at cluster-1-m/10.132.0.2:8032
16/04/06 14:27:08 WARN mapreduce.JobResourceUploader: Hadoop command-line option parsing not performed. Implement the Tool interface and execute your application with ToolRunner to remedy this.
16/04/06 14:27:09 INFO input.FileInputFormat: Total input paths to process : 1
16/04/06 14:27:09 INFO mapreduce.JobSubmitter: number of splits:1
16/04/06 14:27:09 INFO mapreduce.JobSubmitter: Submitting tokens for job: job_1459750468150_0039
16/04/06 14:27:09 INFO impl.YarnClientImpl: Submitted application application_1459750468150_0039
16/04/06 14:27:09 INFO mapreduce.Job: The url to track the job: http://cluster-1-m:8088/proxy/application_1459750468150_0039/
16/04/06 14:27:09 INFO mapreduce.Job: Running job: job_1459750468150_0039
16/04/06 14:27:20 INFO mapreduce.Job: Job job_1459750468150_0039 running in uber mode : false
16/04/06 14:27:20 INFO mapreduce.Job:  map 0% reduce 0%
16/04/06 14:27:32 INFO mapreduce.Job:  map 49% reduce 0%
16/04/06 14:27:38 INFO mapreduce.Job:  map 67% reduce 0%
16/04/06 14:27:41 INFO mapreduce.Job:  map 68% reduce 0%
16/04/06 14:27:43 INFO mapreduce.Job:  map 100% reduce 0%
16/04/06 14:27:51 INFO mapreduce.Job:  map 100% reduce 13%
16/04/06 14:27:58 INFO mapreduce.Job:  map 100% reduce 25%
16/04/06 14:28:05 INFO mapreduce.Job:  map 100% reduce 38%
16/04/06 14:28:13 INFO mapreduce.Job:  map 100% reduce 50%
16/04/06 14:28:21 INFO mapreduce.Job:  map 100% reduce 63%
16/04/06 14:28:29 INFO mapreduce.Job:  map 100% reduce 75%
16/04/06 14:28:36 INFO mapreduce.Job:  map 100% reduce 88%
16/04/06 14:28:43 INFO mapreduce.Job:  map 100% reduce 100%
16/04/06 14:28:44 INFO mapreduce.Job: Job job_1459750468150_0039 completed successfully
16/04/06 14:28:45 INFO mapreduce.Job: Counters: 50
	File System Counters
		FILE: Number of bytes read=25317849
		FILE: Number of bytes written=39037426
		FILE: Number of read operations=0
		FILE: Number of large read operations=0
		FILE: Number of write operations=0
		HDFS: Number of bytes read=75380041
		HDFS: Number of bytes written=6468654
		HDFS: Number of read operations=43
		HDFS: Number of large read operations=0
		HDFS: Number of write operations=16
	Job Counters 
		Killed reduce tasks=1
		Launched map tasks=1
		Launched reduce tasks=8
		Data-local map tasks=1
		Total time spent by all maps in occupied slots (ms)=243876
		Total time spent by all reduces in occupied slots (ms)=560760
		Total time spent by all map tasks (ms)=20323
		Total time spent by all reduce tasks (ms)=46730
		Total vcore-milliseconds taken by all map tasks=20323
		Total vcore-milliseconds taken by all reduce tasks=46730
		Total megabyte-milliseconds taken by all map tasks=62432256
		Total megabyte-milliseconds taken by all reduce tasks=143554560
	Map-Reduce Framework
		Map input records=5105039
		Map output records=5105039
		Map output bytes=55579962
		Map output materialized bytes=12648380
		Input split bytes=115
		Combine input records=5105039
		Combine output records=981502
		Reduce input groups=714545
		Reduce shuffle bytes=12648380
		Reduce input records=981502
		Reduce output records=714545
		Spilled Records=2944506
		Shuffled Maps =8
		Failed Shuffles=0
		Merged Map outputs=8
		GC time elapsed (ms)=688
		CPU time spent (ms)=28490
		Physical memory (bytes) snapshot=1163804672
		Virtual memory (bytes) snapshot=38420590592
		Total committed heap usage (bytes)=634523648
	Shuffle Errors
		BAD_ID=0
		CONNECTION=0
		IO_ERROR=0
		WRONG_LENGTH=0
		WRONG_MAP=0
		WRONG_REDUCE=0
	File Input Format Counters 
		Bytes Read=75379926
	File Output Format Counters 
		Bytes Written=6468654

real	1m40.942s
user	0m5.928s
sys	0m0.260s

